Arguments: 
  D:\software\node\node.exe D:\software\node\node_global\node_modules\yarn\bin\yarn.js install

PATH: 
  D:\software\VMware\bin\;C:\Windows\system32;C:\Windows;C:\Windows\System32\Wbem;C:\Windows\System32\WindowsPowerShell\v1.0\;C:\Windows\System32\OpenSSH\;%TFSPowerToolDir%;%BPADir%;C:\Windows\CCM;C:\Windows\CCM;D:\software\jdk-11.0.14\bin;D:\software\jdk-11.0.14\jre\bin;D:\software\Git\cmd;D:\software\node\;D:\software\Xshell 7\;D:\software\Xftp 7\;C:\Program Files\MySQL\MySQL Shell 8.0\bin\;C:\Users\jiawei.wang\AppData\Local\Microsoft\WindowsApps;c:\program files\esafenet\cobra docguard client;D:\software\apache-maven-3.8.4\bin;D:\software\node\node_global;C:\Users\jiawei.wang\AppData\Roaming\npm;

Yarn version: 
  1.22.17

Node version: 
  16.14.0

Platform: 
  win32 x64

Trace: 
  Error: ENOENT: no such file or directory, copyfile 'C:\Users\jiawei.wang\AppData\Local\Yarn\Cache\v6\npm-is-number-7.0.0-7535345b896734d5f80c4d06c50955527a14f12b-integrity\node_modules\is-number\package.json' -> 'E:\wangjiawei\bishe - 副本\bishe - 副本\springboot213wf\src\main\resources\admin\admin\node_modules\@types\webpack-dev-server\node_modules\is-number\package.json'

npm manifest: 
  {
    "name": "mas-creator-admin",
    "version": "0.1.0",
    "private": true,
    "scripts": {
      "serve": "vue-cli-service serve",
      "build": "vue-cli-service build",
  "svgo": "svgo -f src/icons/svg --config=src/icons/svgo.yml",
      "lint": "vue-cli-service lint"
    },
    "dependencies": {
      "axios": "^0.19.2",
      "core-js": "^3.4.4",
      "echarts": "^4.6.0",
      "element-ui": "^2.13.0",
      "js-md5": "^0.7.3",
      "print-js": "^1.5.0",
      "vue": "^2.6.10",
      "vue-quill-editor": "^3.0.6",
      "vue-amap": "^0.5.10",
      "vue-json-excel": "^0.3.0",
      "vue-router": "^3.1.5"
    },
    "devDependencies": {
      "@vue/cli-plugin-babel": "^4.1.0",
      "@vue/cli-plugin-eslint": "^4.1.0",
      "@vue/cli-service": "^4.1.0",
      "babel-eslint": "^10.0.3",
      "babel-plugin-component": "^1.1.1",
      "eslint": "^5.16.0",
      "eslint-plugin-vue": "^5.0.0",
      "node-sass": "^4.13.1",
      "sass-loader": "^8.0.2",
      "svg-sprite-loader": "4.1.3",
      "svgo": "1.2.2",
      "vue-template-compiler": "^2.6.10"
    },
    "eslintConfig": {
      "root": true,
      "env": {
        "node": true
      },
      "extends": [
        "plugin:vue/essential",
        "eslint:recommended"
      ],
      "rules": {
        "no-console": "off",
        "no-unused-vars": 0,
        "no-useless-escape": "off"
      },
      "parserOptions": {
        "parser": "babel-eslint"
      }
    },
    "browserslist": [
      "> 1%",
      "last 2 versions",
      "not ie <= 8",
      "Android >= 4.0"
    ]
  }

yarn manifest: 
  No manifest

Lockfile: 
  No lockfile
